[01m[K/home/tim/dev_ws/src/my_bot/src/joint_publisher.cpp:[m[K In constructor â€˜[01m[KJointPublisher::[01;32m[KJointPublisher[m[K()[m[Kâ€™:
[01m[K/home/tim/dev_ws/src/my_bot/src/joint_publisher.cpp:15:36:[m[K [01;31m[Kerror: [m[Kclass â€˜[01m[KJointPublisher[m[Kâ€™ does not have any field named â€˜[01m[Kcount_[m[Kâ€™
   15 |         : Node("joint_publisher"), [01;31m[Kcount_[m[K(0)
      |                                    [01;31m[K^~~~~~[m[K
[01m[K/home/tim/dev_ws/src/my_bot/src/joint_publisher.cpp:[m[K In member function â€˜[01m[Kvoid JointPublisher::[01;32m[Ktimer_callback[m[K()[m[Kâ€™:
[01m[K/home/tim/dev_ws/src/my_bot/src/joint_publisher.cpp:33:39:[m[K [01;31m[Kerror: [m[Kâ€˜[01m[Kcount_[m[Kâ€™ was not declared in this scope
   33 |         double position1 = 1.5*(1-cos([01;31m[Kcount_[m[K*0.1));
      |                                       [01;31m[K^~~~~~[m[K
gmake[2]: *** [CMakeFiles/joint_publisher.dir/build.make:76: CMakeFiles/joint_publisher.dir/src/joint_publisher.cpp.o] Error 1
gmake[1]: *** [CMakeFiles/Makefile2:137: CMakeFiles/joint_publisher.dir/all] Error 2
gmake: *** [Makefile:146: all] Error 2
